<?xml version="1.0" encoding="UTF-8"?>
<!-- Generated by org.testng.reporters.JUnitReportReporter -->
<testsuite hostname="Shihab" name="test.LoginTest" tests="1" failures="0" timestamp="15 Jul 2023 16:41:44 GMT" time="5.438" errors="0">
  <testcase name="validUserShouldBeAbleToLogin" time="5.438" classname="test.LoginTest"/>
</testsuite> <!-- test.LoginTest -->
