<?xml version="1.0" encoding="UTF-8"?>
<!-- Generated by org.testng.reporters.JUnitReportReporter -->
<testsuite hostname="Shihab" name="test.AddCustomerTest" tests="1" failures="0" timestamp="15 Jul 2023 18:35:27 GMT" time="15.111" errors="0">
  <testcase name="userShouldBeAbleToAddCustomer" time="15.111" classname="test.AddCustomerTest"/>
</testsuite> <!-- test.AddCustomerTest -->
